Using pre-set license
Built from '2020.3/staging' branch; Version is '2020.3.21f1 (a38c86f6690f) revision 10718342'; Using compiler version '192528614'; Build Type 'Release'
OS: 'Windows 10 Home Single Language; OS build 19043.1288; Version 2009; 64bit' Language: 'ru' Physical Memory: 12157 MB
BatchMode: 1, IsHumanControllingUs: 0, StartBugReporterOnCrash: 0, Is64bit: 1, IsPro: 0

COMMAND LINE ARGUMENTS:
C:\Program Files\Unity\Hub\Editor\2020.3.21f1\Editor\Unity.exe
-adb2
-batchMode
-noUpm
-name
AssetImportWorker1
-projectPath
C:/Project of Unity/Test
-logFile
Logs/AssetImportWorker1.log
-srvPort
63438
Successfully changed project path to: C:/Project of Unity/Test
C:/Project of Unity/Test
Using Asset Import Pipeline V2.
Refreshing native plugins compatible for Editor in 89.83 ms, found 5 plugins.
Preloading 0 native plugins for Editor in 0.00 ms.
Initialize engine version: 2020.3.21f1 (a38c86f6690f)
[Subsystems] Discovering subsystems at path C:/Program Files/Unity/Hub/Editor/2020.3.21f1/Editor/Data/Resources/UnitySubsystems
[Subsystems] Discovering subsystems at path C:/Project of Unity/Test/Assets
GfxDevice: creating device client; threaded=0
Direct3D:
    Version:  Direct3D 11.0 [level 11.1]
    Renderer: Intel(R) HD Graphics 620 (ID=0x5916)
    Vendor:   
    VRAM:     6078 MB
    Driver:   27.20.100.8854
Initialize mono
Mono path[0] = 'C:/Program Files/Unity/Hub/Editor/2020.3.21f1/Editor/Data/Managed'
Mono path[1] = 'C:/Program Files/Unity/Hub/Editor/2020.3.21f1/Editor/Data/MonoBleedingEdge/lib/mono/unityjit'
Mono config path = 'C:/Program Files/Unity/Hub/Editor/2020.3.21f1/Editor/Data/MonoBleedingEdge/etc'
Using monoOptions --debugger-agent=transport=dt_socket,embedding=1,server=y,suspend=n,address=127.0.0.1:56580
Begin MonoManager ReloadAssembly
Registering precompiled unity dll's ...
Register platform support module: C:/Program Files/Unity/Hub/Editor/2020.3.21f1/Editor/Data/PlaybackEngines/WindowsStandaloneSupport/UnityEditor.WindowsStandalone.Extensions.dll
Registered in 0.003293 seconds.
Native extension for WindowsStandalone target not found
Refreshing native plugins compatible for Editor in 65.95 ms, found 5 plugins.
Preloading 0 native plugins for Editor in 0.00 ms.
Mono: successfully reloaded assembly
- Completed reload, in  8.623 seconds
Domain Reload Profiling:
	ReloadAssembly (8624ms)
		BeginReloadAssembly (103ms)
			ExecutionOrderSort (0ms)
			DisableScriptedObjects (0ms)
			BackupInstance (0ms)
			ReleaseScriptingObjects (0ms)
			CreateAndSetChildDomain (2ms)
		EndReloadAssembly (805ms)
			LoadAssemblies (99ms)
			RebuildTransferFunctionScriptingTraits (0ms)
			SetupTypeCache (260ms)
			ReleaseScriptCaches (0ms)
			RebuildScriptCaches (67ms)
			SetupLoadedEditorAssemblies (303ms)
				LogAssemblyErrors (0ms)
				InitializePlatformSupportModulesInManaged (7ms)
				SetLoadedEditorAssemblies (0ms)
				RefreshPlugins (66ms)
				BeforeProcessingInitializeOnLoad (28ms)
				ProcessInitializeOnLoadAttributes (145ms)
				ProcessInitializeOnLoadMethodAttributes (56ms)
				AfterProcessingInitializeOnLoad (0ms)
				EditorAssembliesLoaded (1ms)
			ExecutionOrderSort2 (0ms)
			AwakeInstancesAfterBackupRestoration (0ms)
Platform modules already initialized, skipping
Registering precompiled user dll's ...
Registered in 0.026298 seconds.
Begin MonoManager ReloadAssembly
Native extension for WindowsStandalone target not found
Refreshing native plugins compatible for Editor in 1.10 ms, found 5 plugins.
Preloading 0 native plugins for Editor in 0.00 ms.
Mono: successfully reloaded assembly
- Completed reload, in  2.015 seconds
Domain Reload Profiling:
	ReloadAssembly (2016ms)
		BeginReloadAssembly (243ms)
			ExecutionOrderSort (0ms)
			DisableScriptedObjects (8ms)
			BackupInstance (0ms)
			ReleaseScriptingObjects (0ms)
			CreateAndSetChildDomain (28ms)
		EndReloadAssembly (1647ms)
			LoadAssemblies (171ms)
			RebuildTransferFunctionScriptingTraits (0ms)
			SetupTypeCache (572ms)
			ReleaseScriptCaches (1ms)
			RebuildScriptCaches (99ms)
			SetupLoadedEditorAssemblies (631ms)
				LogAssemblyErrors (0ms)
				InitializePlatformSupportModulesInManaged (9ms)
				SetLoadedEditorAssemblies (1ms)
				RefreshPlugins (1ms)
				BeforeProcessingInitializeOnLoad (159ms)
				ProcessInitializeOnLoadAttributes (429ms)
				ProcessInitializeOnLoadMethodAttributes (19ms)
				AfterProcessingInitializeOnLoad (12ms)
				EditorAssembliesLoaded (1ms)
			ExecutionOrderSort2 (0ms)
			AwakeInstancesAfterBackupRestoration (12ms)
Platform modules already initialized, skipping
========================================================================
Worker process is ready to serve import requests
Launched and connected shader compiler UnityShaderCompiler.exe after 0.10 seconds
Refreshing native plugins compatible for Editor in 1.65 ms, found 5 plugins.
Preloading 0 native plugins for Editor in 0.00 ms.
Unloading 1914 Unused Serialized files (Serialized files now loaded: 0)
System memory in use before: 84.1 MB.
System memory in use after: 84.1 MB.

Unloading 60 unused Assets to reduce memory usage. Loaded Objects now: 2310.
Total: 11.908800 ms (FindLiveObjects: 0.354200 ms CreateObjectMapping: 0.192300 ms MarkObjects: 11.198500 ms  DeleteObjects: 0.161500 ms)

AssetImportParameters requested are different than current active one (requested -> active):
  custom:framework-win-MediaFoundation: 216162199b28c13a410421893ffa2e32 -> 
  custom:video-decoder-ogg-theora: a1e56fd34408186e4bbccfd4996cb3dc -> 
  custom:container-muxer-webm: aa71ff27fc2769a1b78a27578f13a17b -> 
  custom:container-demuxer-webm: 4f35f7cbe854078d1ac9338744f61a02 -> 
  custom:container-demuxer-ogg: 62fdf1f143b41e24485cea50d1cbac27 -> 
  custom:video-encoder-webm-vp8: eb34c28f22e8b96e1ab97ce403110664 -> 
  custom:video-decoder-webm-vp8: 9c59270c3fd7afecdb556c50c9e8de78 -> 
  custom:audio-decoder-ogg-vorbis: bf7c407c2cedff20999df2af8eb42d56 -> 
  custom:audio-encoder-webm-vorbis: bf7c407c2cedff20999df2af8eb42d56 -> 
========================================================================
Received Import Request.
  path: Assets/Scenes/Lecture Hall.unity
  artifactKey: Guid(3056411659980c343bdc18413abe0bbe) Importer(815301076,1909f56bfc062723c751e8b465ee728b)
Start importing Assets/Scenes/Lecture Hall.unity using Guid(3056411659980c343bdc18413abe0bbe) Importer(815301076,1909f56bfc062723c751e8b465ee728b)  -> (artifact id: 'eedee0ca521655ded464da2e34cd6889') in 0.073677 seconds 
  Import took 0.083172 seconds .

========================================================================
Received Import Request.
  Time since last request: 189.168424 seconds.
  path: Assets/Scenes/Lobby.unity
  artifactKey: Guid(9091b4bbf66ee984b96674b729e09edf) Importer(815301076,1909f56bfc062723c751e8b465ee728b)
Start importing Assets/Scenes/Lobby.unity using Guid(9091b4bbf66ee984b96674b729e09edf) Importer(815301076,1909f56bfc062723c751e8b465ee728b)  -> (artifact id: '8e8ddd488a2f842234082de08dce8427') in 0.007276 seconds 
  Import took 0.013544 seconds .

========================================================================
Received Prepare
Registering precompiled user dll's ...
Registered in 0.155716 seconds.
Begin MonoManager ReloadAssembly
Native extension for WindowsStandalone target not found
Refreshing native plugins compatible for Editor in 1.76 ms, found 5 plugins.
Preloading 0 native plugins for Editor in 0.00 ms.
Mono: successfully reloaded assembly
- Completed reload, in  2.292 seconds
Domain Reload Profiling:
	ReloadAssembly (2292ms)
		BeginReloadAssembly (279ms)
			ExecutionOrderSort (0ms)
			DisableScriptedObjects (18ms)
			BackupInstance (0ms)
			ReleaseScriptingObjects (0ms)
			CreateAndSetChildDomain (84ms)
		EndReloadAssembly (1888ms)
			LoadAssemblies (232ms)
			RebuildTransferFunctionScriptingTraits (0ms)
			SetupTypeCache (594ms)
			ReleaseScriptCaches (2ms)
			RebuildScriptCaches (92ms)
			SetupLoadedEditorAssemblies (687ms)
				LogAssemblyErrors (0ms)
				InitializePlatformSupportModulesInManaged (20ms)
				SetLoadedEditorAssemblies (1ms)
				RefreshPlugins (2ms)
				BeforeProcessingInitializeOnLoad (172ms)
				ProcessInitializeOnLoadAttributes (457ms)
				ProcessInitializeOnLoadMethodAttributes (22ms)
				AfterProcessingInitializeOnLoad (12ms)
				EditorAssembliesLoaded (1ms)
			ExecutionOrderSort2 (0ms)
			AwakeInstancesAfterBackupRestoration (12ms)
Platform modules already initialized, skipping
Refreshing native plugins compatible for Editor in 1.69 ms, found 5 plugins.
Preloading 0 native plugins for Editor in 0.00 ms.
Unloading 1894 Unused Serialized files (Serialized files now loaded: 0)
System memory in use before: 82.5 MB.
System memory in use after: 82.6 MB.

Unloading 54 unused Assets to reduce memory usage. Loaded Objects now: 2313.
Total: 5.199700 ms (FindLiveObjects: 0.254300 ms CreateObjectMapping: 0.093100 ms MarkObjects: 4.783800 ms  DeleteObjects: 0.066800 ms)

AssetImportParameters requested are different than current active one (requested -> active):
  custom:framework-win-MediaFoundation: 216162199b28c13a410421893ffa2e32 -> 
  custom:video-decoder-ogg-theora: a1e56fd34408186e4bbccfd4996cb3dc -> 
  custom:container-muxer-webm: aa71ff27fc2769a1b78a27578f13a17b -> 
  custom:container-demuxer-webm: 4f35f7cbe854078d1ac9338744f61a02 -> 
  custom:container-demuxer-ogg: 62fdf1f143b41e24485cea50d1cbac27 -> 
  custom:video-encoder-webm-vp8: eb34c28f22e8b96e1ab97ce403110664 -> 
  custom:video-decoder-webm-vp8: 9c59270c3fd7afecdb556c50c9e8de78 -> 
  custom:audio-decoder-ogg-vorbis: bf7c407c2cedff20999df2af8eb42d56 -> 
  custom:audio-encoder-webm-vorbis: bf7c407c2cedff20999df2af8eb42d56 -> 
========================================================================
Received Import Request.
  Time since last request: 101.138769 seconds.
  path: Assets/Resources/Player Sitting.prefab
  artifactKey: Guid(d5023c37a83777e46bf99fa458afe7c5) Importer(815301076,1909f56bfc062723c751e8b465ee728b)
Start importing Assets/Resources/Player Sitting.prefab using Guid(d5023c37a83777e46bf99fa458afe7c5) Importer(815301076,1909f56bfc062723c751e8b465ee728b)  -> (artifact id: '45c6a9adf76cc19c3b8bb454c4b197a3') in 0.239443 seconds 
  Import took 0.244145 seconds .

========================================================================
Received Prepare
Refreshing native plugins compatible for Editor in 26.36 ms, found 5 plugins.
Preloading 0 native plugins for Editor in 0.00 ms.
Unloading 52 Unused Serialized files (Serialized files now loaded: 0)
System memory in use before: 49.6 MB.
System memory in use after: 49.7 MB.

Unloading 52 unused Assets to reduce memory usage. Loaded Objects now: 2321.
Total: 5.229700 ms (FindLiveObjects: 0.249500 ms CreateObjectMapping: 0.120000 ms MarkObjects: 4.822000 ms  DeleteObjects: 0.036700 ms)

AssetImportParameters requested are different than current active one (requested -> active):
  custom:framework-win-MediaFoundation: 216162199b28c13a410421893ffa2e32 -> 
  custom:video-decoder-ogg-theora: a1e56fd34408186e4bbccfd4996cb3dc -> 
  custom:container-muxer-webm: aa71ff27fc2769a1b78a27578f13a17b -> 
  custom:container-demuxer-webm: 4f35f7cbe854078d1ac9338744f61a02 -> 
  custom:container-demuxer-ogg: 62fdf1f143b41e24485cea50d1cbac27 -> 
  custom:video-encoder-webm-vp8: eb34c28f22e8b96e1ab97ce403110664 -> 
  custom:video-decoder-webm-vp8: 9c59270c3fd7afecdb556c50c9e8de78 -> 
  custom:audio-decoder-ogg-vorbis: bf7c407c2cedff20999df2af8eb42d56 -> 
  custom:audio-encoder-webm-vorbis: bf7c407c2cedff20999df2af8eb42d56 -> 
========================================================================
Received Prepare
Registering precompiled user dll's ...
Registered in 0.544854 seconds.
Begin MonoManager ReloadAssembly
Native extension for WindowsStandalone target not found
Refreshing native plugins compatible for Editor in 1.15 ms, found 5 plugins.
Preloading 0 native plugins for Editor in 0.00 ms.
Mono: successfully reloaded assembly
- Completed reload, in  3.400 seconds
Domain Reload Profiling:
	ReloadAssembly (3402ms)
		BeginReloadAssembly (326ms)
			ExecutionOrderSort (0ms)
			DisableScriptedObjects (20ms)
			BackupInstance (0ms)
			ReleaseScriptingObjects (0ms)
			CreateAndSetChildDomain (106ms)
		EndReloadAssembly (2870ms)
			LoadAssemblies (287ms)
			RebuildTransferFunctionScriptingTraits (0ms)
			SetupTypeCache (1126ms)
			ReleaseScriptCaches (2ms)
			RebuildScriptCaches (157ms)
			SetupLoadedEditorAssemblies (1009ms)
				LogAssemblyErrors (0ms)
				InitializePlatformSupportModulesInManaged (10ms)
				SetLoadedEditorAssemblies (1ms)
				RefreshPlugins (1ms)
				BeforeProcessingInitializeOnLoad (161ms)
				ProcessInitializeOnLoadAttributes (774ms)
				ProcessInitializeOnLoadMethodAttributes (32ms)
				AfterProcessingInitializeOnLoad (28ms)
				EditorAssembliesLoaded (1ms)
			ExecutionOrderSort2 (0ms)
			AwakeInstancesAfterBackupRestoration (30ms)
Platform modules already initialized, skipping
D3D shader create error for vertex shader [0x887a0005]
D3D shader create error for pixel shader [0x887a0005]
D3D shader create error for vertex shader [0x887a0005]
D3D shader create error for pixel shader [0x887a0005]
D3D shader create error for vertex shader [0x887a0005]
D3D shader create error for pixel shader [0x887a0005]
D3D shader create error for vertex shader [0x887a0005]
D3D shader create error for pixel shader [0x887a0005]
D3D shader create error for vertex shader [0x887a0005]
D3D shader create error for pixel shader [0x887a0005]
D3D shader create error for vertex shader [0x887a0005]
D3D shader create error for pixel shader [0x887a0005]
D3D shader create error for vertex shader [0x887a0005]
D3D shader create error for pixel shader [0x887a0005]
D3D shader create error for vertex shader [0x887a0005]
D3D shader create error for pixel shader [0x887a0005]
D3D shader create error for vertex shader [0x887a0005]
D3D shader create error for pixel shader [0x887a0005]
D3D shader create error for vertex shader [0x887a0005]
D3D shader create error for pixel shader [0x887a0005]
D3D shader create error for vertex shader [0x887a0005]
D3D shader create error for pixel shader [0x887a0005]
D3D shader create error for vertex shader [0x887a0005]
D3D shader create error for pixel shader [0x887a0005]
D3D shader create error for vertex shader [0x887a0005]
D3D shader create error for pixel shader [0x887a0005]
D3D shader create error for vertex shader [0x887a0005]
D3D shader create error for pixel shader [0x887a0005]
D3D shader create error for vertex shader [0x887a0005]
D3D shader create error for pixel shader [0x887a0005]
D3D shader create error for vertex shader [0x887a0005]
D3D shader create error for pixel shader [0x887a0005]
D3D shader create error for vertex shader [0x887a0005]
D3D shader create error for pixel shader [0x887a0005]
D3D shader create error for vertex shader [0x887a0005]
D3D shader create error for pixel shader [0x887a0005]
D3D shader create error for vertex shader [0x887a0005]
D3D shader create error for pixel shader [0x887a0005]
D3D shader create error for vertex shader [0x887a0005]
D3D shader create error for pixel shader [0x887a0005]
D3D shader create error for vertex shader [0x887a0005]
D3D shader create error for pixel shader [0x887a0005]
D3D shader create error for vertex shader [0x887a0005]
D3D shader create error for pixel shader [0x887a0005]
D3D shader create error for vertex shader [0x887a0005]
D3D shader create error for pixel shader [0x887a0005]
D3D shader create error for vertex shader [0x887a0005]
D3D shader create error for pixel shader [0x887a0005]
D3D shader create error for vertex shader [0x887a0005]
D3D shader create error for pixel shader [0x887a0005]
D3D shader create error for vertex shader [0x887a0005]
D3D shader create error for pixel shader [0x887a0005]
D3D shader create error for vertex shader [0x887a0005]
D3D shader create error for pixel shader [0x887a0005]
D3D shader create error for vertex shader [0x887a0005]
D3D shader create error for pixel shader [0x887a0005]
D3D shader create error for vertex shader [0x887a0005]
D3D shader create error for pixel shader [0x887a0005]
D3D shader create error for vertex shader [0x887a0005]
D3D shader create error for pixel shader [0x887a0005]
D3D shader create error for vertex shader [0x887a0005]
D3D shader create error for pixel shader [0x887a0005]
D3D shader create error for vertex shader [0x887a0005]
D3D shader create error for pixel shader [0x887a0005]
D3D shader create error for vertex shader [0x887a0005]
D3D shader create error for pixel shader [0x887a0005]
D3D shader create error for vertex shader [0x887a0005]
D3D shader create error for pixel shader [0x887a0005]
D3D shader create error for vertex shader [0x887a0005]
D3D shader create error for pixel shader [0x887a0005]
D3D shader create error for vertex shader [0x887a0005]
D3D shader create error for pixel shader [0x887a0005]
D3D shader create error for vertex shader [0x887a0005]
D3D shader create error for pixel shader [0x887a0005]
D3D shader create error for vertex shader [0x887a0005]
D3D shader create error for pixel shader [0x887a0005]
D3D shader create error for vertex shader [0x887a0005]
D3D shader create error for pixel shader [0x887a0005]
D3D shader create error for vertex shader [0x887a0005]
D3D shader create error for pixel shader [0x887a0005]
D3D shader create error for pixel shader [0x887a0005]
D3D shader create error for pixel shader [0x887a0005]
D3D shader create error for pixel shader [0x887a0005]
D3D shader create error for pixel shader [0x887a0005]
D3D shader create error for vertex shader [0x887a0005]
D3D shader create error for pixel shader [0x887a0005]
D3D shader create error for vertex shader [0x887a0005]
D3D shader create error for pixel shader [0x887a0005]
D3D shader create error for vertex shader [0x887a0005]
D3D shader create error for vertex shader [0x887a0005]
D3D shader create error for vertex shader [0x887a0005]
D3D shader create error for pixel shader [0x887a0005]
D3D shader create error for vertex shader [0x887a0005]
D3D shader create error for pixel shader [0x887a0005]
D3D shader create error for vertex shader [0x887a0005]
D3D shader create error for vertex shader [0x887a0005]
D3D shader create error for vertex shader [0x887a0005]
D3D shader create error for pixel shader [0x887a0005]
D3D shader create error for vertex shader [0x887a0005]
D3D shader create error for pixel shader [0x887a0005]
D3D shader create error for vertex shader [0x887a0005]
D3D shader create error for pixel shader [0x887a0005]
D3D shader create error for vertex shader [0x887a0005]
D3D shader create error for pixel shader [0x887a0005]
D3D shader create error for vertex shader [0x887a0005]
D3D shader create error for pixel shader [0x887a0005]
D3D shader create error for vertex shader [0x887a0005]
D3D shader create error for pixel shader [0x887a0005]
D3D shader create error for vertex shader [0x887a0005]
D3D shader create error for pixel shader [0x887a0005]
D3D shader create error for vertex shader [0x887a0005]
D3D shader create error for pixel shader [0x887a0005]
D3D shader create error for vertex shader [0x887a0005]
D3D shader create error for pixel shader [0x887a0005]
D3D shader create error for vertex shader [0x887a0005]
D3D shader create error for pixel shader [0x887a0005]
D3D shader create error for vertex shader [0x887a0005]
D3D shader create error for pixel shader [0x887a0005]
D3D shader create error for vertex shader [0x887a0005]
D3D shader create error for pixel shader [0x887a0005]
D3D shader create error for vertex shader [0x887a0005]
D3D shader create error for pixel shader [0x887a0005]
D3D shader create error for vertex shader [0x887a0005]
D3D shader create error for pixel shader [0x887a0005]
D3D shader create error for vertex shader [0x887a0005]
D3D shader create error for pixel shader [0x887a0005]
D3D shader create error for vertex shader [0x887a0005]
D3D shader create error for pixel shader [0x887a0005]
D3D shader create error for vertex shader [0x887a0005]
D3D shader create error for pixel shader [0x887a0005]
D3D shader create error for vertex shader [0x887a0005]
D3D shader create error for pixel shader [0x887a0005]
D3D shader create error for vertex shader [0x887a0005]
D3D shader create error for pixel shader [0x887a0005]
D3D shader create error for vertex shader [0x887a0005]
D3D shader create error for pixel shader [0x887a0005]
D3D shader create error for vertex shader [0x887a0005]
D3D shader create error for pixel shader [0x887a0005]
D3D shader create error for vertex shader [0x887a0005]
D3D shader create error for pixel shader [0x887a0005]
D3D shader create error for vertex shader [0x887a0005]
D3D shader create error for pixel shader [0x887a0005]
D3D shader create error for vertex shader [0x887a0005]
D3D shader create error for pixel shader [0x887a0005]
D3D shader create error for vertex shader [0x887a0005]
D3D shader create error for pixel shader [0x887a0005]
D3D shader create error for vertex shader [0x887a0005]
D3D shader create error for pixel shader [0x887a0005]
D3D shader create error for vertex shader [0x887a0005]
D3D shader create error for pixel shader [0x887a0005]
D3D shader create error for vertex shader [0x887a0005]
D3D shader create error for pixel shader [0x887a0005]
D3D shader create error for vertex shader [0x887a0005]
D3D shader create error for pixel shader [0x887a0005]
D3D shader create error for vertex shader [0x887a0005]
D3D shader create error for pixel shader [0x887a0005]
D3D shader create error for vertex shader [0x887a0005]
D3D shader create error for pixel shader [0x887a0005]
D3D shader create error for vertex shader [0x887a0005]
D3D shader create error for pixel shader [0x887a0005]
D3D shader create error for vertex shader [0x887a0005]
D3D shader create error for pixel shader [0x887a0005]
D3D shader create error for vertex shader [0x887a0005]
D3D shader create error for pixel shader [0x887a0005]
D3D shader create error for vertex shader [0x887a0005]
D3D shader create error for pixel shader [0x887a0005]
D3D shader create error for vertex shader [0x887a0005]
D3D shader create error for pixel shader [0x887a0005]
D3D shader create error for vertex shader [0x887a0005]
D3D shader create error for pixel shader [0x887a0005]
D3D shader create error for vertex shader [0x887a0005]
D3D shader create error for pixel shader [0x887a0005]
D3D shader create error for vertex shader [0x887a0005]
D3D shader create error for pixel shader [0x887a0005]
D3D shader create error for vertex shader [0x887a0005]
D3D shader create error for pixel shader [0x887a0005]
D3D shader create error for vertex shader [0x887a0005]
D3D shader create error for pixel shader [0x887a0005]
D3D shader create error for vertex shader [0x887a0005]
D3D shader create error for pixel shader [0x887a0005]
Refreshing native plugins compatible for Editor in 1.24 ms, found 5 plugins.
Preloading 0 native plugins for Editor in 0.00 ms.
Unloading 1894 Unused Serialized files (Serialized files now loaded: 0)
System memory in use before: 85.2 MB.
System memory in use after: 85.3 MB.

Unloading 54 unused Assets to reduce memory usage. Loaded Objects now: 2324.
Total: 4.637400 ms (FindLiveObjects: 0.247700 ms CreateObjectMapping: 0.113700 ms MarkObjects: 4.211800 ms  DeleteObjects: 0.062200 ms)

AssetImportParameters requested are different than current active one (requested -> active):
  custom:framework-win-MediaFoundation: 216162199b28c13a410421893ffa2e32 -> 
  custom:video-decoder-ogg-theora: a1e56fd34408186e4bbccfd4996cb3dc -> 
  custom:container-muxer-webm: aa71ff27fc2769a1b78a27578f13a17b -> 
  custom:container-demuxer-webm: 4f35f7cbe854078d1ac9338744f61a02 -> 
  custom:container-demuxer-ogg: 62fdf1f143b41e24485cea50d1cbac27 -> 
  custom:video-encoder-webm-vp8: eb34c28f22e8b96e1ab97ce403110664 -> 
  custom:video-decoder-webm-vp8: 9c59270c3fd7afecdb556c50c9e8de78 -> 
  custom:audio-decoder-ogg-vorbis: bf7c407c2cedff20999df2af8eb42d56 -> 
  custom:audio-encoder-webm-vorbis: bf7c407c2cedff20999df2af8eb42d56 -> 
